{"name":"","id":"send-email;","testSteps":[{"number":1,"description":"Given that user want to use Gmail","duration":22949,"startTime":"2019-09-20T10:03:48.813-05:00[America/Bogota]","exception":{"errorType":"net.thucydides.core.webdriver.exceptions.ElementShouldBeEnabledException","message":"The following error occurred: Expected enabled element was not enabled","stackTrace":[{"declaringClass":"co.com.choucair.certificacion.proyectobase.tasks.Login","methodName":"performAs","fileName":"Login.java","lineNumber":15},{"declaringClass":"co.com.choucair.certificacion.proyectobase.stepdefinitions.EnviarCorreoStepDefinitions","methodName":"thatUserWantToUseGmail","fileName":"EnviarCorreoStepDefinitions.java","lineNumber":22},{"declaringClass":"cucumber.runner.Runner","methodName":"runPickle","fileName":"Runner.java","lineNumber":80}],"rootCause":{"errorType":"org.openqa.selenium.TimeoutException","message":"Expected condition failed: waiting for By.id: //*[@id\u003d\"password\"]/div[1]/div/div[1]/input to be enabled (tried for 5 second(s) with 100 milliseconds interval)","stackTrace":[{"declaringClass":"co.com.choucair.certificacion.proyectobase.tasks.Login","methodName":"performAs","fileName":"Login.java","lineNumber":15},{"declaringClass":"co.com.choucair.certificacion.proyectobase.stepdefinitions.EnviarCorreoStepDefinitions","methodName":"thatUserWantToUseGmail","fileName":"EnviarCorreoStepDefinitions.java","lineNumber":22},{"declaringClass":"cucumber.runner.Runner","methodName":"runPickle","fileName":"Runner.java","lineNumber":80}],"rootCause":{"errorType":"org.openqa.selenium.NoSuchElementException","message":"no such element: Unable to locate element: {\"method\":\"css selector\",\"selector\":\"#\\/\\/\\*\\[\\@id\\\u003d\\\"password\\\"\\]\\/div\\[1\\]\\/div\\/div\\[1\\]\\/input\"}\n  (Session info: chrome\u003d77.0.3865.90)\nFor documentation on this error, please visit: http://seleniumhq.org/exceptions/no_such_element.html\nBuild info: version: \u00273.11.0\u0027, revision: \u0027e59cfb3\u0027, time: \u00272018-03-11T20:26:55.152Z\u0027\nSystem info: host: \u0027CHMEPPF0FQ30F\u0027, ip: \u0027172.17.27.63\u0027, os.name: \u0027Windows 10\u0027, os.arch: \u0027amd64\u0027, os.version: \u002710.0\u0027, java.version: \u00271.8.0_131\u0027\nDriver info: org.openqa.selenium.remote.RemoteWebDriver\nCapabilities {acceptInsecureCerts: false, browserName: chrome, browserVersion: 77.0.3865.90, chrome: {chromedriverVersion: 77.0.3865.40 (f484704e052e0..., userDataDir: C:\\Users\\jgarciac\\AppData\\L...}, goog:chromeOptions: {debuggerAddress: localhost:65083}, javascriptEnabled: true, networkConnectionEnabled: false, pageLoadStrategy: normal, platform: XP, platformName: XP, proxy: Proxy(), setWindowRect: true, strictFileInteractability: false, timeouts: {implicit: 0, pageLoad: 300000, script: 30000}, unhandledPromptBehavior: dismiss and notify}\nSession ID: d2f03582e25d257569ddec19cb795a2d\n*** Element info: {Using\u003did, value\u003d//*[@id\u003d\"password\"]/div[1]/div/div[1]/input}","stackTrace":[{"declaringClass":"co.com.choucair.certificacion.proyectobase.tasks.Login","methodName":"performAs","fileName":"Login.java","lineNumber":15},{"declaringClass":"co.com.choucair.certificacion.proyectobase.stepdefinitions.EnviarCorreoStepDefinitions","methodName":"thatUserWantToUseGmail","fileName":"EnviarCorreoStepDefinitions.java","lineNumber":22},{"declaringClass":"cucumber.runner.Runner","methodName":"runPickle","fileName":"Runner.java","lineNumber":80}]}}},"result":"FAILURE","precondition":false,"children":[{"number":2,"description":"user opens the Gmail home page","duration":10373,"startTime":"2019-09-20T10:03:49.241-05:00[America/Bogota]","screenshots":[{"screenshot":"a0c589e5aee787243270389e44ec85d538698d8c70ba0187467e0e117e0b70dd.png"}],"result":"SUCCESS","precondition":false},{"number":3,"description":"user enters \u0027autotestinguser123\u0027 into Campo usuario","duration":689,"startTime":"2019-09-20T10:03:59.645-05:00[America/Bogota]","screenshots":[{"screenshot":"5b6117398f66e395a5a3a67317cb2a1bda13814748226dcc17cf2ebc68cb973b.png"}],"result":"SUCCESS","precondition":false},{"number":4,"description":"user clicks on Boton siguiente","duration":597,"startTime":"2019-09-20T10:04:00.336-05:00[America/Bogota]","screenshots":[{"screenshot":"a5b6f3e11dc5cb285c1961c8a610ba498fd4b7488490f6bb2d59f05d4ba1ad12.png"}],"result":"SUCCESS","precondition":false},{"number":5,"description":"user enters \u0027usuario123\u0027 into Campo contrase√±a","duration":10823,"startTime":"2019-09-20T10:04:00.934-05:00[America/Bogota]","screenshots":[{"screenshot":"57d83f697a7145477bc92b3f84f28bbcb46966162b6f41eb589c020c6f98d0b7.png","htmlSource":"pagesource3537934592176505691.html.txt"}],"exception":{"errorType":"net.thucydides.core.webdriver.exceptions.ElementShouldBeEnabledException","message":"The following error occurred: Expected enabled element was not enabled","stackTrace":[{"declaringClass":"co.com.choucair.certificacion.proyectobase.tasks.Login","methodName":"performAs","fileName":"Login.java","lineNumber":15},{"declaringClass":"co.com.choucair.certificacion.proyectobase.stepdefinitions.EnviarCorreoStepDefinitions","methodName":"thatUserWantToUseGmail","fileName":"EnviarCorreoStepDefinitions.java","lineNumber":22},{"declaringClass":"cucumber.runner.Runner","methodName":"runPickle","fileName":"Runner.java","lineNumber":80}],"rootCause":{"errorType":"org.openqa.selenium.TimeoutException","message":"Expected condition failed: waiting for By.id: //*[@id\u003d\"password\"]/div[1]/div/div[1]/input to be enabled (tried for 5 second(s) with 100 milliseconds interval)","stackTrace":[{"declaringClass":"co.com.choucair.certificacion.proyectobase.tasks.Login","methodName":"performAs","fileName":"Login.java","lineNumber":15},{"declaringClass":"co.com.choucair.certificacion.proyectobase.stepdefinitions.EnviarCorreoStepDefinitions","methodName":"thatUserWantToUseGmail","fileName":"EnviarCorreoStepDefinitions.java","lineNumber":22},{"declaringClass":"cucumber.runner.Runner","methodName":"runPickle","fileName":"Runner.java","lineNumber":80}],"rootCause":{"errorType":"org.openqa.selenium.NoSuchElementException","message":"no such element: Unable to locate element: {\"method\":\"css selector\",\"selector\":\"#\\/\\/\\*\\[\\@id\\\u003d\\\"password\\\"\\]\\/div\\[1\\]\\/div\\/div\\[1\\]\\/input\"}\n  (Session info: chrome\u003d77.0.3865.90)\nFor documentation on this error, please visit: http://seleniumhq.org/exceptions/no_such_element.html\nBuild info: version: \u00273.11.0\u0027, revision: \u0027e59cfb3\u0027, time: \u00272018-03-11T20:26:55.152Z\u0027\nSystem info: host: \u0027CHMEPPF0FQ30F\u0027, ip: \u0027172.17.27.63\u0027, os.name: \u0027Windows 10\u0027, os.arch: \u0027amd64\u0027, os.version: \u002710.0\u0027, java.version: \u00271.8.0_131\u0027\nDriver info: org.openqa.selenium.remote.RemoteWebDriver\nCapabilities {acceptInsecureCerts: false, browserName: chrome, browserVersion: 77.0.3865.90, chrome: {chromedriverVersion: 77.0.3865.40 (f484704e052e0..., userDataDir: C:\\Users\\jgarciac\\AppData\\L...}, goog:chromeOptions: {debuggerAddress: localhost:65083}, javascriptEnabled: true, networkConnectionEnabled: false, pageLoadStrategy: normal, platform: XP, platformName: XP, proxy: Proxy(), setWindowRect: true, strictFileInteractability: false, timeouts: {implicit: 0, pageLoad: 300000, script: 30000}, unhandledPromptBehavior: dismiss and notify}\nSession ID: d2f03582e25d257569ddec19cb795a2d\n*** Element info: {Using\u003did, value\u003d//*[@id\u003d\"password\"]/div[1]/div/div[1]/input}","stackTrace":[{"declaringClass":"co.com.choucair.certificacion.proyectobase.tasks.Login","methodName":"performAs","fileName":"Login.java","lineNumber":15},{"declaringClass":"co.com.choucair.certificacion.proyectobase.stepdefinitions.EnviarCorreoStepDefinitions","methodName":"thatUserWantToUseGmail","fileName":"EnviarCorreoStepDefinitions.java","lineNumber":22},{"declaringClass":"cucumber.runner.Runner","methodName":"runPickle","fileName":"Runner.java","lineNumber":80}]}}},"result":"FAILURE","precondition":false}]},{"number":6,"description":"Perform as: user","duration":5,"startTime":"2019-09-20T10:04:11.763-05:00[America/Bogota]","exception":{"errorType":"net.thucydides.core.webdriver.exceptions.ElementShouldBeEnabledException","message":"The following error occurred: Expected enabled element was not enabled","stackTrace":[{"declaringClass":"co.com.choucair.certificacion.proyectobase.tasks.Login","methodName":"performAs","fileName":"Login.java","lineNumber":15},{"declaringClass":"co.com.choucair.certificacion.proyectobase.stepdefinitions.EnviarCorreoStepDefinitions","methodName":"thatUserWantToUseGmail","fileName":"EnviarCorreoStepDefinitions.java","lineNumber":22},{"declaringClass":"cucumber.runner.Runner","methodName":"runPickle","fileName":"Runner.java","lineNumber":80}],"rootCause":{"errorType":"org.openqa.selenium.TimeoutException","message":"Expected condition failed: waiting for By.id: //*[@id\u003d\"password\"]/div[1]/div/div[1]/input to be enabled (tried for 5 second(s) with 100 milliseconds interval)","stackTrace":[{"declaringClass":"co.com.choucair.certificacion.proyectobase.tasks.Login","methodName":"performAs","fileName":"Login.java","lineNumber":15},{"declaringClass":"co.com.choucair.certificacion.proyectobase.stepdefinitions.EnviarCorreoStepDefinitions","methodName":"thatUserWantToUseGmail","fileName":"EnviarCorreoStepDefinitions.java","lineNumber":22},{"declaringClass":"cucumber.runner.Runner","methodName":"runPickle","fileName":"Runner.java","lineNumber":80}],"rootCause":{"errorType":"org.openqa.selenium.NoSuchElementException","message":"no such element: Unable to locate element: {\"method\":\"css selector\",\"selector\":\"#\\/\\/\\*\\[\\@id\\\u003d\\\"password\\\"\\]\\/div\\[1\\]\\/div\\/div\\[1\\]\\/input\"}\n  (Session info: chrome\u003d77.0.3865.90)\nFor documentation on this error, please visit: http://seleniumhq.org/exceptions/no_such_element.html\nBuild info: version: \u00273.11.0\u0027, revision: \u0027e59cfb3\u0027, time: \u00272018-03-11T20:26:55.152Z\u0027\nSystem info: host: \u0027CHMEPPF0FQ30F\u0027, ip: \u0027172.17.27.63\u0027, os.name: \u0027Windows 10\u0027, os.arch: \u0027amd64\u0027, os.version: \u002710.0\u0027, java.version: \u00271.8.0_131\u0027\nDriver info: org.openqa.selenium.remote.RemoteWebDriver\nCapabilities {acceptInsecureCerts: false, browserName: chrome, browserVersion: 77.0.3865.90, chrome: {chromedriverVersion: 77.0.3865.40 (f484704e052e0..., userDataDir: C:\\Users\\jgarciac\\AppData\\L...}, goog:chromeOptions: {debuggerAddress: localhost:65083}, javascriptEnabled: true, networkConnectionEnabled: false, pageLoadStrategy: normal, platform: XP, platformName: XP, proxy: Proxy(), setWindowRect: true, strictFileInteractability: false, timeouts: {implicit: 0, pageLoad: 300000, script: 30000}, unhandledPromptBehavior: dismiss and notify}\nSession ID: d2f03582e25d257569ddec19cb795a2d\n*** Element info: {Using\u003did, value\u003d//*[@id\u003d\"password\"]/div[1]/div/div[1]/input}","stackTrace":[{"declaringClass":"co.com.choucair.certificacion.proyectobase.tasks.Login","methodName":"performAs","fileName":"Login.java","lineNumber":15},{"declaringClass":"co.com.choucair.certificacion.proyectobase.stepdefinitions.EnviarCorreoStepDefinitions","methodName":"thatUserWantToUseGmail","fileName":"EnviarCorreoStepDefinitions.java","lineNumber":22},{"declaringClass":"cucumber.runner.Runner","methodName":"runPickle","fileName":"Runner.java","lineNumber":80}]}}},"result":"FAILURE","precondition":false},{"number":7,"description":"When he send the email","duration":1,"startTime":"2019-09-20T10:04:11.779-05:00[America/Bogota]","result":"SKIPPED","precondition":false},{"number":8,"description":"Then he sees the email on sent directory","duration":1,"startTime":"2019-09-20T10:04:11.781-05:00[America/Bogota]","result":"SKIPPED","precondition":false}],"userStory":{"id":"send-email","storyName":"Send email","path":"src/test/resources/features/enviarCorreo.feature","narrative":"    As a user\n  I want to use Gmail\n  to send an email.","type":"feature"},"featureTag":{"name":"Features/Send email","type":"feature"},"title":"","tags":[{"name":"Send email","type":"feature"}],"startTime":"2019-09-20T10:03:47.945-05:00[America/Bogota]","duration":24460,"testFailureCause":{"errorType":"net.thucydides.core.webdriver.exceptions.ElementShouldBeEnabledException","message":"The following error occurred: Expected enabled element was not enabled","stackTrace":[{"declaringClass":"co.com.choucair.certificacion.proyectobase.tasks.Login","methodName":"performAs","fileName":"Login.java","lineNumber":15},{"declaringClass":"co.com.choucair.certificacion.proyectobase.stepdefinitions.EnviarCorreoStepDefinitions","methodName":"thatUserWantToUseGmail","fileName":"EnviarCorreoStepDefinitions.java","lineNumber":22},{"declaringClass":"cucumber.runner.Runner","methodName":"runPickle","fileName":"Runner.java","lineNumber":80}],"rootCause":{"errorType":"org.openqa.selenium.TimeoutException","message":"Expected condition failed: waiting for By.id: //*[@id\u003d\"password\"]/div[1]/div/div[1]/input to be enabled (tried for 5 second(s) with 100 milliseconds interval)","stackTrace":[{"declaringClass":"co.com.choucair.certificacion.proyectobase.tasks.Login","methodName":"performAs","fileName":"Login.java","lineNumber":15},{"declaringClass":"co.com.choucair.certificacion.proyectobase.stepdefinitions.EnviarCorreoStepDefinitions","methodName":"thatUserWantToUseGmail","fileName":"EnviarCorreoStepDefinitions.java","lineNumber":22},{"declaringClass":"cucumber.runner.Runner","methodName":"runPickle","fileName":"Runner.java","lineNumber":80}],"rootCause":{"errorType":"org.openqa.selenium.NoSuchElementException","message":"no such element: Unable to locate element: {\"method\":\"css selector\",\"selector\":\"#\\/\\/\\*\\[\\@id\\\u003d\\\"password\\\"\\]\\/div\\[1\\]\\/div\\/div\\[1\\]\\/input\"}\n  (Session info: chrome\u003d77.0.3865.90)\nFor documentation on this error, please visit: http://seleniumhq.org/exceptions/no_such_element.html\nBuild info: version: \u00273.11.0\u0027, revision: \u0027e59cfb3\u0027, time: \u00272018-03-11T20:26:55.152Z\u0027\nSystem info: host: \u0027CHMEPPF0FQ30F\u0027, ip: \u0027172.17.27.63\u0027, os.name: \u0027Windows 10\u0027, os.arch: \u0027amd64\u0027, os.version: \u002710.0\u0027, java.version: \u00271.8.0_131\u0027\nDriver info: org.openqa.selenium.remote.RemoteWebDriver\nCapabilities {acceptInsecureCerts: false, browserName: chrome, browserVersion: 77.0.3865.90, chrome: {chromedriverVersion: 77.0.3865.40 (f484704e052e0..., userDataDir: C:\\Users\\jgarciac\\AppData\\L...}, goog:chromeOptions: {debuggerAddress: localhost:65083}, javascriptEnabled: true, networkConnectionEnabled: false, pageLoadStrategy: normal, platform: XP, platformName: XP, proxy: Proxy(), setWindowRect: true, strictFileInteractability: false, timeouts: {implicit: 0, pageLoad: 300000, script: 30000}, unhandledPromptBehavior: dismiss and notify}\nSession ID: d2f03582e25d257569ddec19cb795a2d\n*** Element info: {Using\u003did, value\u003d//*[@id\u003d\"password\"]/div[1]/div/div[1]/input}","stackTrace":[{"declaringClass":"co.com.choucair.certificacion.proyectobase.tasks.Login","methodName":"performAs","fileName":"Login.java","lineNumber":15},{"declaringClass":"co.com.choucair.certificacion.proyectobase.stepdefinitions.EnviarCorreoStepDefinitions","methodName":"thatUserWantToUseGmail","fileName":"EnviarCorreoStepDefinitions.java","lineNumber":22},{"declaringClass":"cucumber.runner.Runner","methodName":"runPickle","fileName":"Runner.java","lineNumber":80}]}}},"testFailureClassname":"net.thucydides.core.webdriver.exceptions.ElementShouldBeEnabledException","testFailureMessage":"The following error occurred: Expected enabled element was not enabled","testFailureSummary":"FAILURE;net.thucydides.core.webdriver.exceptions.ElementShouldBeEnabledException;The following error occurred: Expected enabled element was not enabled;Login.java","projectKey":"","annotatedResult":"FAILURE","sessionId":"d2f03582e25d257569ddec19cb795a2d","driver":"chrome:user","manual":false,"testSource":"Cucumber","result":"FAILURE"}